Case #1: DentalOffice BlueBottle
Case #2: OculusDemoLab Ballpit ZucksOffice VerveCoffee SugarShack SaintFrank FoxGazebo RainbowStairs Nanokitchen TransportationHub LightningBolts BlueBottle BurgerShack WallOfPhones ConstitutionDeli MPK20Roof ChosHawkerCenter HalalTruck WoodenSculpture MamaPennys PopUpShop CafeEpic LivingTheDream LateHarvest FukiSushiInOldenDays FoxPainting
Case #3: PhilzCoffee CafeEpic FukiSushiInOldenDays Microkitchen RainbowStairs LivingTheDream WoodenSculpture FoxGazebo FoxPainting OculusDemoLab Sol SaintFrank FullCircle SweetStop ChosHawkerCenter ColdBrewMachine BahnAppetit Ballpit VerveCoffee TechVendingMachine PopUpShop TransportationHub ConstitutionDeli WallOfPhones FakeCrosswalk ZucksOldOffice MamaPennys NailPolishRoomBlock Helpdesk LikeSign HotfixBar LateHarvest Harvest Nanokitchen BridgeClub ZucksOffice BurgerShack DentalOffice Arcade ShuttlePlatform FreshOrangeJuice BlueBottle
Case #4: ShuttlePlatform NailPolishRoomBlock TechVendingMachine PopUpShop FukiSushiInOldenDays ChosHawkerCenter Arcade BridgeClub LightningBolts HotfixBar MPK20Roof
Case #5: SaintFrank HotfixBar Ballpit MPK20Roof PopUpShop ChosHawkerCenter HalalTruck FoxPainting Sol LivingTheDream SweetStop WallOfPhones HackerSquare LateHarvest TuringInDominoes LightningBolts ColdBrewMachine BurgerShack Nanokitchen
Case #6: WallOfPhones ConstitutionDeli BridgeClub TuringInDominoes BahnAppetit ZucksOffice OculusDemoLab Microkitchen Arcade ShuttlePlatform NailPolishRoomBlock SweetStop SwagStore HackerSquare TechVendingMachine SonOfPingAndPong
Case #7: HotfixBar RainbowStairs Sol SweetStop CafeEpic LivingTheDream ZucksOffice TuringInDominoes OculusDemoLab LightningBolts NailPolishRoomBlock DentalOffice Nanokitchen PhilzCoffee SwagStore BahnAppetit FreshOrangeJuice FoxGazebo VerveCoffee ShuttlePlatform FakeCrosswalk BurgerShack TransportationHub FukiSushiInOldenDays ColdBrewMachine PopUpShop SonOfPingAndPong Harvest BlueBottle ZucksOldOffice MPK20Roof ChosHawkerCenter TechVendingMachine SugarShack WoodenSculpture FoxPainting Arcade Helpdesk BridgeClub ConstitutionDeli Microkitchen SaintFrank HalalTruck LateHarvest LikeSign MamaPennys WallOfPhones
Case #8: BahnAppetit LightningBolts FakeCrosswalk SwagStore HotfixBar VerveCoffee FukiSushiInOldenDays ColdBrewMachine PopUpShop LikeSign WallOfPhones BlueBottle TechVendingMachine FullCircle Arcade
Case #9: MPK20Roof DentalOffice LateHarvest Arcade SonOfPingAndPong FakeCrosswalk BurgerShack HackerSquare FoxGazebo Helpdesk ZucksOldOffice ZucksOffice LivingTheDream SwagStore WallOfPhones LikeSign ChosHawkerCenter BahnAppetit NailPolishRoomBlock Ballpit ShuttlePlatform HotfixBar SweetStop MamaPennys
Case #10: WallOfPhones HalalTruck SugarShack BurgerShack
Case #11: ColdBrewMachine
Case #12: ZucksOldOffice Harvest PopUpShop SonOfPingAndPong LikeSign SwagStore PhilzCoffee
Case #13: BahnAppetit SaintFrank PopUpShop ColdBrewMachine BridgeClub
Case #14: LikeSign Arcade SweetStop
Case #15: Nanokitchen Arcade Helpdesk PopUpShop OculusDemoLab HalalTruck LikeSign HotfixBar BahnAppetit BridgeClub FoxPainting TechVendingMachine
Case #16: SaintFrank OculusDemoLab LikeSign DentalOffice FakeCrosswalk
Case #17: SwagStore CafeEpic FullCircle WoodenSculpture Microkitchen VerveCoffee ZucksOffice PhilzCoffee SweetStop ColdBrewMachine SonOfPingAndPong HotfixBar SaintFrank BahnAppetit DentalOffice Ballpit Helpdesk ZucksOldOffice PopUpShop FoxPainting Nanokitchen LikeSign BridgeClub SugarShack
Case #18: ZucksOffice SweetStop
Case #19: ZucksOldOffice ChosHawkerCenter Harvest SonOfPingAndPong Nanokitchen TuringInDominoes HotfixBar MPK20Roof FoxGazebo Arcade HackerSquare Ballpit FukiSushiInOldenDays SugarShack CafeEpic Helpdesk ColdBrewMachine
Case #20: Ballpit Harvest TransportationHub
Case #21: SugarShack SweetStop ConstitutionDeli BlueBottle TransportationHub Helpdesk SonOfPingAndPong FakeCrosswalk FoxGazebo MamaPennys TechVendingMachine VerveCoffee LightningBolts Nanokitchen FukiSushiInOldenDays OculusDemoLab PopUpShop Harvest Ballpit MPK20Roof RainbowStairs TuringInDominoes ChosHawkerCenter DentalOffice FoxPainting
Case #22: VerveCoffee LightningBolts BlueBottle SwagStore
Case #23: Arcade
Case #24: FakeCrosswalk FreshOrangeJuice LightningBolts TuringInDominoes Sol SonOfPingAndPong ColdBrewMachine SaintFrank BahnAppetit
Case #25: SaintFrank SonOfPingAndPong WallOfPhones SweetStop VerveCoffee WoodenSculpture Nanokitchen
Case #26: PopUpShop PhilzCoffee MPK20Roof LightningBolts ChosHawkerCenter Microkitchen CafeEpic BlueBottle ZucksOffice BridgeClub Ballpit VerveCoffee ColdBrewMachine WoodenSculpture
Case #27: LivingTheDream
Case #28: PhilzCoffee HalalTruck Microkitchen MPK20Roof ColdBrewMachine
Case #29: BridgeClub ZucksOldOffice FreshOrangeJuice BurgerShack Microkitchen ColdBrewMachine NailPolishRoomBlock
Case #30: SaintFrank Helpdesk ConstitutionDeli SweetStop Microkitchen LateHarvest MamaPennys PhilzCoffee Sol BlueBottle SonOfPingAndPong FullCircle
Case #31: ZucksOffice Sol HalalTruck Nanokitchen ConstitutionDeli TechVendingMachine ShuttlePlatform ColdBrewMachine BurgerShack Microkitchen Ballpit DentalOffice OculusDemoLab
Case #32: SweetStop Harvest ZucksOffice OculusDemoLab HalalTruck Arcade BridgeClub MamaPennys SwagStore PhilzCoffee Sol CafeEpic LivingTheDream Microkitchen SugarShack NailPolishRoomBlock RainbowStairs BahnAppetit BlueBottle TransportationHub FullCircle ColdBrewMachine PopUpShop SaintFrank ChosHawkerCenter ZucksOldOffice Nanokitchen LateHarvest ConstitutionDeli FoxGazebo
Case #33: Harvest FukiSushiInOldenDays ZucksOldOffice NailPolishRoomBlock MPK20Roof
Case #34: FoxGazebo MPK20Roof WoodenSculpture Biryani
Case #35: TuringInDominoes SonOfPingAndPong
Case #36: LikeSign SweetStop SwagStore
Case #37: WoodenSculpture
Case #38: PopUpShop
Case #39: FukiSushiInOldenDays ColdBrewMachine FreshOrangeJuice CafeEpic SwagStore Helpdesk FullCircle MamaPennys BahnAppetit LateHarvest Harvest
Case #40: OculusDemoLab Nanokitchen MPK20Roof CafeEpic LivingTheDream TuringInDominoes BurgerShack DentalOffice NailPolishRoomBlock Sol Harvest SonOfPingAndPong SwagStore FakeCrosswalk FoxGazebo TechVendingMachine FullCircle ZucksOldOffice ConstitutionDeli SugarShack PopUpShop FukiSushiInOldenDays ZucksOffice FoxPainting BlueBottle SweetStop MamaPennys RainbowStairs WallOfPhones LightningBolts SaintFrank ShuttlePlatform ChosHawkerCenter Arcade TransportationHub HackerSquare WoodenSculpture PhilzCoffee Microkitchen BahnAppetit
Case #41: WoodenSculpture WallOfPhones OculusDemoLab HalalTruck FreshOrangeJuice LivingTheDream MamaPennys Arcade
Case #42: FreshOrangeJuice ColdBrewMachine OculusDemoLab ZucksOffice FoxPainting Ballpit WoodenSculpture VerveCoffee BlueBottle HackerSquare LikeSign
Case #43: TransportationHub SaintFrank
Case #44: RainbowStairs WallOfPhones FoxGazebo Helpdesk Arcade Harvest NailPolishRoomBlock FullCircle PopUpShop OculusDemoLab SaintFrank MamaPennys Sol FoxPainting HalalTruck LateHarvest FakeCrosswalk SugarShack BlueBottle SweetStop TuringInDominoes CafeEpic LivingTheDream DentalOffice ZucksOffice SonOfPingAndPong Nanokitchen ColdBrewMachine MPK20Roof WoodenSculpture PhilzCoffee BahnAppetit SwagStore FreshOrangeJuice ConstitutionDeli ShuttlePlatform LightningBolts ZucksOldOffice LikeSign TechVendingMachine Ballpit
Case #45: TransportationHub SonOfPingAndPong
Case #46: FullCircle Sol MPK20Roof Arcade FoxPainting HotfixBar
Case #47: LikeSign Arcade SwagStore
Case #48: RainbowStairs LateHarvest CafeEpic LightningBolts SugarShack BridgeClub ShuttlePlatform ChosHawkerCenter TransportationHub SonOfPingAndPong
Case #49: HotfixBar
Case #50: ShuttlePlatform NailPolishRoomBlock LightningBolts MamaPennys Microkitchen HalalTruck CafeEpic BahnAppetit PhilzCoffee SaintFrank BurgerShack FoxPainting HotfixBar FoxGazebo HackerSquare SwagStore LikeSign FullCircle Arcade VerveCoffee
Case #51: HalalTruck FreshOrangeJuice
Case #52: WallOfPhones Nanokitchen MamaPennys HalalTruck TransportationHub
Case #53: ChosHawkerCenter Arcade FoxGazebo FukiSushiInOldenDays WallOfPhones HackerSquare VerveCoffee BurgerShack HotfixBar FreshOrangeJuice WoodenSculpture
Case #54: BahnAppetit HackerSquare ZucksOffice Arcade FoxPainting NailPolishRoomBlock SonOfPingAndPong BlueBottle FreshOrangeJuice Helpdesk DentalOffice MamaPennys MPK20Roof Ballpit SweetStop TechVendingMachine ChosHawkerCenter LivingTheDream FullCircle SaintFrank CafeEpic PopUpShop ShuttlePlatform WoodenSculpture SugarShack TransportationHub PhilzCoffee LikeSign
Case #55: PhilzCoffee TransportationHub ShuttlePlatform FreshOrangeJuice FakeCrosswalk Sol OculusDemoLab Harvest BlueBottle LikeSign LateHarvest ZucksOffice WoodenSculpture FukiSushiInOldenDays TechVendingMachine VerveCoffee ChosHawkerCenter ColdBrewMachine Helpdesk FoxPainting PopUpShop BahnAppetit ConstitutionDeli TuringInDominoes SugarShack HalalTruck ZucksOldOffice LightningBolts RainbowStairs FoxGazebo Nanokitchen HackerSquare LivingTheDream Microkitchen MamaPennys BurgerShack DentalOffice BridgeClub
Case #56: MamaPennys FakeCrosswalk DentalOffice NailPolishRoomBlock HotfixBar Harvest ShuttlePlatform ConstitutionDeli BlueBottle BridgeClub LateHarvest VerveCoffee SweetStop HalalTruck SwagStore FreshOrangeJuice ZucksOldOffice FukiSushiInOldenDays CafeEpic SaintFrank Arcade MPK20Roof FoxPainting SugarShack ZucksOffice FullCircle LivingTheDream Helpdesk WallOfPhones RainbowStairs
Case #57: MamaPennys TechVendingMachine LikeSign BurgerShack NailPolishRoomBlock FoxPainting FukiSushiInOldenDays TuringInDominoes
Case #58: Ballpit Helpdesk NailPolishRoomBlock MPK20Roof FullCircle TuringInDominoes BlueBottle OculusDemoLab HackerSquare LivingTheDream FakeCrosswalk FreshOrangeJuice PhilzCoffee FukiSushiInOldenDays Nanokitchen BridgeClub WallOfPhones LateHarvest ConstitutionDeli LikeSign VerveCoffee Microkitchen DentalOffice Sol ChosHawkerCenter TransportationHub ZucksOffice RainbowStairs HotfixBar SonOfPingAndPong BurgerShack PopUpShop Harvest LightningBolts TechVendingMachine HalalTruck
Case #59: FukiSushiInOldenDays FoxPainting LivingTheDream Helpdesk Arcade SweetStop RainbowStairs ConstitutionDeli Harvest VerveCoffee TechVendingMachine BlueBottle NailPolishRoomBlock Microkitchen CafeEpic Ballpit DentalOffice FreshOrangeJuice Sol FullCircle Nanokitchen SaintFrank PopUpShop LikeSign HackerSquare FoxGazebo LightningBolts SonOfPingAndPong PhilzCoffee WallOfPhones FakeCrosswalk
Case #60: WallOfPhones
Case #61: CafeEpic SonOfPingAndPong SweetStop
Case #62: Helpdesk ChosHawkerCenter SugarShack BlueBottle LivingTheDream
Case #63: SweetStop
Case #64: SwagStore BahnAppetit Harvest BridgeClub ZucksOffice WallOfPhones TechVendingMachine LateHarvest Microkitchen Nanokitchen ZucksOldOffice NailPolishRoomBlock DentalOffice FoxPainting Arcade VerveCoffee BlueBottle ShuttlePlatform Sol SugarShack LightningBolts TuringInDominoes MPK20Roof WoodenSculpture FakeCrosswalk HotfixBar BurgerShack FreshOrangeJuice FoxGazebo LikeSign ChosHawkerCenter MamaPennys LivingTheDream PopUpShop FullCircle TransportationHub SweetStop RainbowStairs PhilzCoffee SaintFrank HackerSquare
Case #65: LivingTheDream
Case #66: ZucksOffice TransportationHub OculusDemoLab ChosHawkerCenter DentalOffice Microkitchen ShuttlePlatform CafeEpic SugarShack TuringInDominoes LivingTheDream ConstitutionDeli
Case #67: DentalOffice MamaPennys Microkitchen LightningBolts ConstitutionDeli Harvest FakeCrosswalk WoodenSculpture VerveCoffee PhilzCoffee CafeEpic SugarShack FoxPainting Arcade LateHarvest ColdBrewMachine SonOfPingAndPong
Case #68: PhilzCoffee ZucksOffice BlueBottle HackerSquare ChosHawkerCenter
Case #69: LightningBolts HotfixBar ShuttlePlatform FukiSushiInOldenDays TransportationHub FoxGazebo NailPolishRoomBlock CafeEpic BahnAppetit ColdBrewMachine SugarShack
Case #70: ZucksOldOffice Harvest FakeCrosswalk WallOfPhones LateHarvest HotfixBar Helpdesk
Case #71: CafeEpic
Case #72: NailPolishRoomBlock LightningBolts BlueBottle RainbowStairs ChosHawkerCenter MamaPennys Helpdesk Arcade SonOfPingAndPong
Case #73: Helpdesk NailPolishRoomBlock HalalTruck ChosHawkerCenter BurgerShack LateHarvest SweetStop FukiSushiInOldenDays Nanokitchen SonOfPingAndPong MamaPennys Sol FullCircle PopUpShop VerveCoffee MPK20Roof ShuttlePlatform HackerSquare RainbowStairs SugarShack ColdBrewMachine LivingTheDream WallOfPhones ZucksOldOffice Ballpit
Case #74: ColdBrewMachine ConstitutionDeli Harvest MamaPennys
Case #75: Sol FoxGazebo HotfixBar PhilzCoffee NailPolishRoomBlock SaintFrank WoodenSculpture CafeEpic WallOfPhones HackerSquare BurgerShack DentalOffice ZucksOldOffice Nanokitchen ShuttlePlatform
Case #76: ZucksOffice HackerSquare Helpdesk SugarShack
Case #77: ZucksOldOffice ZucksOffice BlueBottle TransportationHub
Case #78: WoodenSculpture MPK20Roof Harvest Nanokitchen
Case #79: ConstitutionDeli TuringInDominoes Harvest HackerSquare NailPolishRoomBlock Ballpit BlueBottle OculusDemoLab Nanokitchen TechVendingMachine BahnAppetit VerveCoffee HalalTruck LivingTheDream SugarShack FoxPainting LateHarvest SonOfPingAndPong DentalOffice HotfixBar BridgeClub LikeSign MamaPennys SwagStore RainbowStairs BurgerShack
Case #80: ShuttlePlatform BlueBottle
